<?xml version="1.0" encoding="UTF-8"?>
<testsuites>
	<testsuite tests="0" failures="0" time="0.000000" name="github.com/elastic/beats/v7/pkg/systemmetrics/dev-tools/systemtests" timestamp="2026-08-21T13:18:26+02:00">
		<properties>
			<property name="go.version" value="go1.26.6 darwin/arm64"></property>
		</properties>
	</testsuite>
	<testsuite tests="1" failures="0" time="0.000000" name="github.com/elastic/beats/v7/pkg/systemmetrics/metric" timestamp="2026-08-21T13:18:26+02:00">
		<properties>
			<property name="go.version" value="go1.26.6 darwin/arm64"></property>
		</properties>
		<testcase classname="github.com/elastic/beats/v7/pkg/systemmetrics/metric" name="TestRound" time="0.000000"></testcase>
	</testsuite>
	<testsuite tests="4" failures="0" time="0.000000" name="github.com/elastic/beats/v7/pkg/systemmetrics/metric/cpu" timestamp="2026-08-21T13:18:26+02:00">
		<properties>
			<property name="go.version" value="go1.26.6 darwin/arm64"></property>
		</properties>
		<testcase classname="github.com/elastic/beats/v7/pkg/systemmetrics/metric/cpu" name="TestMonitorSample" time="0.000000"></testcase>
		<testcase classname="github.com/elastic/beats/v7/pkg/systemmetrics/metric/cpu" name="TestCoresMonitorSample" time="0.000000"></testcase>
		<testcase classname="github.com/elastic/beats/v7/pkg/systemmetrics/metric/cpu" name="TestMetricsRounding" time="0.000000"></testcase>
		<testcase classname="github.com/elastic/beats/v7/pkg/systemmetrics/metric/cpu" name="TestMetricsPercentages" time="0.000000"></testcase>
	</testsuite>
	<testsuite tests="6" failures="0" time="0.000000" name="github.com/elastic/beats/v7/pkg/systemmetrics/metric/memory" timestamp="2026-08-21T13:18:26+02:00">
		<properties>
			<property name="go.version" value="go1.26.6 darwin/arm64"></property>
		</properties>
		<testcase classname="github.com/elastic/beats/v7/pkg/systemmetrics/metric/memory" name="TestMeminfoParse" time="0.000000">
			<skipped message="=== RUN   TestMeminfoParse&#xA;    memory_test.go:91: linux specific test&#xA;--- SKIP: TestMeminfoParse (0.00s)&#xA;"></skipped>
		</testcase>
		<testcase classname="github.com/elastic/beats/v7/pkg/systemmetrics/metric/memory" name="TestGetMemory" time="0.000000"></testcase>
		<testcase classname="github.com/elastic/beats/v7/pkg/systemmetrics/metric/memory" name="TestGetSwap" time="0.000000"></testcase>
		<testcase classname="github.com/elastic/beats/v7/pkg/systemmetrics/metric/memory" name="TestMemPercentage" time="0.000000"></testcase>
		<testcase classname="github.com/elastic/beats/v7/pkg/systemmetrics/metric/memory" name="TestActualMemPercentage" time="0.000000"></testcase>
		<testcase classname="github.com/elastic/beats/v7/pkg/systemmetrics/metric/memory" name="TestZswapMetricsIsZero" time="0.000000"></testcase>
	</testsuite>
	<testsuite tests="0" failures="0" time="0.000000" name="github.com/elastic/beats/v7/pkg/systemmetrics/metric/system/cgroup" timestamp="2026-08-21T13:18:26+02:00">
		<properties>
			<property name="go.version" value="go1.26.6 darwin/arm64"></property>
		</properties>
	</testsuite>
	<testsuite tests="5" failures="0" time="0.000000" name="github.com/elastic/beats/v7/pkg/systemmetrics/metric/system/cgroup/cgcommon" timestamp="2026-08-21T13:18:26+02:00">
		<properties>
			<property name="go.version" value="go1.26.6 darwin/arm64"></property>
		</properties>
		<testcase classname="github.com/elastic/beats/v7/pkg/systemmetrics/metric/system/cgroup/cgcommon" name="TestOmitZeroJSON/CPUUsage/zero_struct_fields_omitted" time="0.000000"></testcase>
		<testcase classname="github.com/elastic/beats/v7/pkg/systemmetrics/metric/system/cgroup/cgcommon" name="TestOmitZeroJSON/CPUUsage/non-zero_struct_fields_present" time="0.000000"></testcase>
		<testcase classname="github.com/elastic/beats/v7/pkg/systemmetrics/metric/system/cgroup/cgcommon" name="TestOmitZeroJSON/Pressure/zero_struct_fields_omitted" time="0.000000"></testcase>
		<testcase classname="github.com/elastic/beats/v7/pkg/systemmetrics/metric/system/cgroup/cgcommon" name="TestOmitZeroJSON/Pressure/non-zero_struct_fields_present" time="0.000000"></testcase>
		<testcase classname="github.com/elastic/beats/v7/pkg/systemmetrics/metric/system/cgroup/cgcommon" name="TestOmitZeroJSON" time="0.000000"></testcase>
	</testsuite>
	<testsuite tests="7" failures="0" time="0.000000" name="github.com/elastic/beats/v7/pkg/systemmetrics/metric/system/cgroup/cgv1" timestamp="2026-08-21T13:18:26+02:00">
		<properties>
			<property name="go.version" value="go1.26.6 darwin/arm64"></property>
		</properties>
		<testcase classname="github.com/elastic/beats/v7/pkg/systemmetrics/metric/system/cgroup/cgv1" name="TestOmitZeroJSON/CPUSubsystem/zero_struct_fields_omitted" time="0.000000"></testcase>
		<testcase classname="github.com/elastic/beats/v7/pkg/systemmetrics/metric/system/cgroup/cgv1" name="TestOmitZeroJSON/CPUSubsystem/non-zero_struct_fields_present" time="0.000000"></testcase>
		<testcase classname="github.com/elastic/beats/v7/pkg/systemmetrics/metric/system/cgroup/cgv1" name="TestOmitZeroJSON/BlockIOSubsystem/zero_struct_fields_omitted" time="0.000000"></testcase>
		<testcase classname="github.com/elastic/beats/v7/pkg/systemmetrics/metric/system/cgroup/cgv1" name="TestOmitZeroJSON/BlockIOSubsystem/non-zero_struct_fields_present" time="0.000000"></testcase>
		<testcase classname="github.com/elastic/beats/v7/pkg/systemmetrics/metric/system/cgroup/cgv1" name="TestOmitZeroJSON/CPUAccountingSubsystem/zero_Stats_omitted" time="0.000000"></testcase>
		<testcase classname="github.com/elastic/beats/v7/pkg/systemmetrics/metric/system/cgroup/cgv1" name="TestOmitZeroJSON/CPUAccountingSubsystem/non-zero_Stats_present" time="0.000000"></testcase>
		<testcase classname="github.com/elastic/beats/v7/pkg/systemmetrics/metric/system/cgroup/cgv1" name="TestOmitZeroJSON" time="0.000000"></testcase>
	</testsuite>
	<testsuite tests="14" failures="0" time="0.000000" name="github.com/elastic/beats/v7/pkg/systemmetrics/metric/system/cgroup/cgv2" timestamp="2026-08-21T13:18:26+02:00">
		<properties>
			<property name="go.version" value="go1.26.6 darwin/arm64"></property>
		</properties>
		<testcase classname="github.com/elastic/beats/v7/pkg/systemmetrics/metric/system/cgroup/cgv2" name="TestOmitZeroJSON/CPUStats/zero_struct_fields_omitted" time="0.000000"></testcase>
		<testcase classname="github.com/elastic/beats/v7/pkg/systemmetrics/metric/system/cgroup/cgv2" name="TestOmitZeroJSON/CPUStats/non-zero_struct_fields_present" time="0.000000"></testcase>
		<testcase classname="github.com/elastic/beats/v7/pkg/systemmetrics/metric/system/cgroup/cgv2" name="TestOmitZeroJSON/ThrottledField/zero_struct_fields_omitted" time="0.000000"></testcase>
		<testcase classname="github.com/elastic/beats/v7/pkg/systemmetrics/metric/system/cgroup/cgv2" name="TestOmitZeroJSON/ThrottledField/non-zero_struct_fields_present" time="0.000000"></testcase>
		<testcase classname="github.com/elastic/beats/v7/pkg/systemmetrics/metric/system/cgroup/cgv2" name="TestOmitZeroJSON/MemoryData/zero_BytesOpt_omitted" time="0.000000"></testcase>
		<testcase classname="github.com/elastic/beats/v7/pkg/systemmetrics/metric/system/cgroup/cgv2" name="TestOmitZeroJSON/MemoryData/non-zero_BytesOpt_present" time="0.000000"></testcase>
		<testcase classname="github.com/elastic/beats/v7/pkg/systemmetrics/metric/system/cgroup/cgv2" name="TestOmitZeroJSON/Events/zero_opt.Uint_omitted" time="0.000000"></testcase>
		<testcase classname="github.com/elastic/beats/v7/pkg/systemmetrics/metric/system/cgroup/cgv2" name="TestOmitZeroJSON/Events/non-zero_opt.Uint_present" time="0.000000"></testcase>
		<testcase classname="github.com/elastic/beats/v7/pkg/systemmetrics/metric/system/cgroup/cgv2" name="TestOmitZeroJSON/CPUSubsystem/zero_CFS_omitted" time="0.000000"></testcase>
		<testcase classname="github.com/elastic/beats/v7/pkg/systemmetrics/metric/system/cgroup/cgv2" name="TestOmitZeroJSON/CPUSubsystem/non-zero_CFS_present" time="0.000000"></testcase>
		<testcase classname="github.com/elastic/beats/v7/pkg/systemmetrics/metric/system/cgroup/cgv2" name="TestOmitZeroJSON/CFS/zero_UsOpt_fields_omitted" time="0.000000"></testcase>
		<testcase classname="github.com/elastic/beats/v7/pkg/systemmetrics/metric/system/cgroup/cgv2" name="TestOmitZeroJSON/CFS/non-zero_UsOpt_fields_present" time="0.000000"></testcase>
		<testcase classname="github.com/elastic/beats/v7/pkg/systemmetrics/metric/system/cgroup/cgv2" name="TestOmitZeroJSON/CFS/unlimited_quota_0_(max)_still_present" time="0.000000"></testcase>
		<testcase classname="github.com/elastic/beats/v7/pkg/systemmetrics/metric/system/cgroup/cgv2" name="TestOmitZeroJSON" time="0.000000"></testcase>
	</testsuite>
	<testsuite tests="0" failures="0" time="0.000000" name="github.com/elastic/beats/v7/pkg/systemmetrics/metric/system/cgroup/testhelpers" timestamp="2026-08-21T13:18:26+02:00">
		<properties>
			<property name="go.version" value="go1.26.6 darwin/arm64"></property>
		</properties>
	</testsuite>
	<testsuite tests="0" failures="0" time="0.000000" name="github.com/elastic/beats/v7/pkg/systemmetrics/metric/system/cpu" timestamp="2026-08-21T13:18:26+02:00">
		<properties>
			<property name="go.version" value="go1.26.6 darwin/arm64"></property>
		</properties>
	</testsuite>
	<testsuite tests="0" failures="0" time="0.000000" name="github.com/elastic/beats/v7/pkg/systemmetrics/metric/system/diskio" timestamp="2026-08-21T13:18:26+02:00">
		<properties>
			<property name="go.version" value="go1.26.6 darwin/arm64"></property>
		</properties>
	</testsuite>
	<testsuite tests="3" failures="0" time="0.000000" name="github.com/elastic/beats/v7/pkg/systemmetrics/metric/system/filesystem" timestamp="2026-08-21T13:18:26+02:00">
		<properties>
			<property name="go.version" value="go1.26.6 darwin/arm64"></property>
		</properties>
		<testcase classname="github.com/elastic/beats/v7/pkg/systemmetrics/metric/system/filesystem" name="TestFileSystemList" time="0.000000"></testcase>
		<testcase classname="github.com/elastic/beats/v7/pkg/systemmetrics/metric/system/filesystem" name="TestFileSystemListFiltering" time="0.000000"></testcase>
		<testcase classname="github.com/elastic/beats/v7/pkg/systemmetrics/metric/system/filesystem" name="TestFilter" time="0.000000"></testcase>
	</testsuite>
	<testsuite tests="3" failures="0" time="0.000000" name="github.com/elastic/beats/v7/pkg/systemmetrics/metric/system/host" timestamp="2026-08-21T13:18:26+02:00">
		<properties>
			<property name="go.version" value="go1.26.6 darwin/arm64"></property>
		</properties>
		<testcase classname="github.com/elastic/beats/v7/pkg/systemmetrics/metric/system/host" name="TestMapHostInfo/with_fqdn" time="0.000000"></testcase>
		<testcase classname="github.com/elastic/beats/v7/pkg/systemmetrics/metric/system/host" name="TestMapHostInfo/without_fqdn" time="0.000000"></testcase>
		<testcase classname="github.com/elastic/beats/v7/pkg/systemmetrics/metric/system/host" name="TestMapHostInfo" time="0.000000"></testcase>
	</testsuite>
	<testsuite tests="0" failures="0" time="0.000000" name="github.com/elastic/beats/v7/pkg/systemmetrics/metric/system/hwmon" timestamp="2026-08-21T13:18:26+02:00">
		<properties>
			<property name="go.version" value="go1.26.6 darwin/arm64"></property>
		</properties>
	</testsuite>
	<testsuite tests="1" failures="0" time="0.000000" name="github.com/elastic/beats/v7/pkg/systemmetrics/metric/system/network" timestamp="2026-08-21T13:18:26+02:00">
		<properties>
			<property name="go.version" value="go1.26.6 darwin/arm64"></property>
		</properties>
		<testcase classname="github.com/elastic/beats/v7/pkg/systemmetrics/metric/system/network" name="TestFilter" time="0.000000"></testcase>
	</testsuite>
	<testsuite tests="2" failures="0" time="0.000000" name="github.com/elastic/beats/v7/pkg/systemmetrics/metric/system/numcpu" timestamp="2026-08-21T13:18:26+02:00">
		<properties>
			<property name="go.version" value="go1.26.6 darwin/arm64"></property>
		</properties>
		<testcase classname="github.com/elastic/beats/v7/pkg/systemmetrics/metric/system/numcpu" name="TestGetCPU" time="0.000000"></testcase>
		<testcase classname="github.com/elastic/beats/v7/pkg/systemmetrics/metric/system/numcpu" name="TestNumCPU" time="0.000000"></testcase>
	</testsuite>
	<testsuite tests="25" failures="0" time="2.310000" name="github.com/elastic/beats/v7/pkg/systemmetrics/metric/system/process" timestamp="2026-08-21T13:18:26+02:00">
		<properties>
			<property name="go.version" value="go1.26.6 darwin/arm64"></property>
		</properties>
		<testcase classname="github.com/elastic/beats/v7/pkg/systemmetrics/metric/system/process" name="TestGetInfoForPid_numThreads" time="0.000000">
			<skipped message="=== RUN   TestGetInfoForPid_numThreads&#xA;    process_linux_darwin_test.go:35: not supported for darwin/arm64. Supported patforms: [linux/amd64 darwin/amd64 windows/amd64]&#xA;--- SKIP: TestGetInfoForPid_numThreads (0.00s)&#xA;"></skipped>
		</testcase>
		<testcase classname="github.com/elastic/beats/v7/pkg/systemmetrics/metric/system/process" name="TestNetworkFetch" time="0.000000">
			<skipped message="=== RUN   TestNetworkFetch&#xA;    process_test.go:195: Network data only available on linux&#xA;--- SKIP: TestNetworkFetch (0.00s)&#xA;"></skipped>
		</testcase>
		<testcase classname="github.com/elastic/beats/v7/pkg/systemmetrics/metric/system/process" name="TestNetworkFilter" time="0.000000">
			<skipped message="=== RUN   TestNetworkFilter&#xA;    process_test.go:218: Network data only available on linux&#xA;--- SKIP: TestNetworkFilter (0.00s)&#xA;"></skipped>
		</testcase>
		<testcase classname="github.com/elastic/beats/v7/pkg/systemmetrics/metric/system/process" name="TestFilter" time="0.000000">
			<skipped message="=== RUN   TestFilter&#xA;    process_test.go:245: Run on Linux only&#xA;--- SKIP: TestFilter (0.00s)&#xA;"></skipped>
		</testcase>
		<testcase classname="github.com/elastic/beats/v7/pkg/systemmetrics/metric/system/process" name="TestErrors/non_fatal_error" time="0.000000"></testcase>
		<testcase classname="github.com/elastic/beats/v7/pkg/systemmetrics/metric/system/process" name="TestErrors/non_fatal_error_-_unwrapped" time="0.000000"></testcase>
		<testcase classname="github.com/elastic/beats/v7/pkg/systemmetrics/metric/system/process" name="TestErrors/non_fatal_error_-_hierarchy" time="0.000000"></testcase>
		<testcase classname="github.com/elastic/beats/v7/pkg/systemmetrics/metric/system/process" name="TestErrors/fatal_error" time="0.000000"></testcase>
		<testcase classname="github.com/elastic/beats/v7/pkg/systemmetrics/metric/system/process" name="TestErrors/fatal_error_-_hierarchy" time="0.000000"></testcase>
		<testcase classname="github.com/elastic/beats/v7/pkg/systemmetrics/metric/system/process" name="TestErrors" time="0.000000"></testcase>
		<testcase classname="github.com/elastic/beats/v7/pkg/systemmetrics/metric/system/process" name="TestContainerMonitoringFromInsideContainer" time="0.000000"></testcase>
		<testcase classname="github.com/elastic/beats/v7/pkg/systemmetrics/metric/system/process" name="TestSelfMonitoringFromInsideContainer" time="0.000000"></testcase>
		<testcase classname="github.com/elastic/beats/v7/pkg/systemmetrics/metric/system/process" name="TestSystemHostFromContainer" time="0.080000"></testcase>
		<testcase classname="github.com/elastic/beats/v7/pkg/systemmetrics/metric/system/process" name="TestProcessEvent" time="0.000000"></testcase>
		<testcase classname="github.com/elastic/beats/v7/pkg/systemmetrics/metric/system/process" name="TestGetState" time="0.000000"></testcase>
		<testcase classname="github.com/elastic/beats/v7/pkg/systemmetrics/metric/system/process" name="TestGetOneRoot" time="0.000000"></testcase>
		<testcase classname="github.com/elastic/beats/v7/pkg/systemmetrics/metric/system/process" name="TestGetOne" time="2.140000"></testcase>
		<testcase classname="github.com/elastic/beats/v7/pkg/systemmetrics/metric/system/process" name="TestProcessList" time="0.000000"></testcase>
		<testcase classname="github.com/elastic/beats/v7/pkg/systemmetrics/metric/system/process" name="TestSelfPersist" time="0.010000"></testcase>
		<testcase classname="github.com/elastic/beats/v7/pkg/systemmetrics/metric/system/process" name="TestGetProcess" time="0.000000"></testcase>
		<testcase classname="github.com/elastic/beats/v7/pkg/systemmetrics/metric/system/process" name="TestMatchProcs" time="0.000000"></testcase>
		<testcase classname="github.com/elastic/beats/v7/pkg/systemmetrics/metric/system/process" name="TestProcMemPercentage" time="0.000000"></testcase>
		<testcase classname="github.com/elastic/beats/v7/pkg/systemmetrics/metric/system/process" name="TestProcCpuPercentage" time="0.000000"></testcase>
		<testcase classname="github.com/elastic/beats/v7/pkg/systemmetrics/metric/system/process" name="TestIncludeTopProcesses" time="0.000000"></testcase>
		<testcase classname="github.com/elastic/beats/v7/pkg/systemmetrics/metric/system/process" name="TestProcessesExcluded" time="0.080000"></testcase>
	</testsuite>
	<testsuite tests="0" failures="0" time="0.000000" name="github.com/elastic/beats/v7/pkg/systemmetrics/metric/system/resolve" timestamp="2026-08-21T13:18:26+02:00">
		<properties>
			<property name="go.version" value="go1.26.6 darwin/arm64"></property>
		</properties>
	</testsuite>
	<testsuite tests="7" failures="0" time="0.020000" name="github.com/elastic/beats/v7/pkg/systemmetrics/report" timestamp="2026-08-21T13:18:26+02:00">
		<properties>
			<property name="go.version" value="go1.26.6 darwin/arm64"></property>
		</properties>
		<testcase classname="github.com/elastic/beats/v7/pkg/systemmetrics/report" name="TestSystemMetricsReport" time="0.010000"></testcase>
		<testcase classname="github.com/elastic/beats/v7/pkg/systemmetrics/report" name="TestSystemMetricsReportOnlyUseLocalProc" time="0.010000"></testcase>
		<testcase classname="github.com/elastic/beats/v7/pkg/systemmetrics/report" name="TestProcessName/short_ascii" time="0.000000"></testcase>
		<testcase classname="github.com/elastic/beats/v7/pkg/systemmetrics/report" name="TestProcessName/long_ascii" time="0.000000"></testcase>
		<testcase classname="github.com/elastic/beats/v7/pkg/systemmetrics/report" name="TestProcessName/short_utf8" time="0.000000"></testcase>
		<testcase classname="github.com/elastic/beats/v7/pkg/systemmetrics/report" name="TestProcessName/long_utf8" time="0.000000"></testcase>
		<testcase classname="github.com/elastic/beats/v7/pkg/systemmetrics/report" name="TestProcessName" time="0.000000"></testcase>
	</testsuite>
</testsuites>